<?xml version="1.0" encoding="UTF-8"?>
<!-- Generated by org.testng.reporters.JUnitReportReporter -->
<testsuite skipped="0" hostname="DESKTOP-DVCRU23" name="TestNGJSONPathValidations" tests="1" failures="0" timestamp="2022-01-21T16:42:10 IST" time="2.322" errors="0">
  <testcase name="tc1" time="2.322" classname="TestNGJSONPathValidations"/>
  <system-out/>
</testsuite> <!-- TestNGJSONPathValidations -->
